<?xml version="1.0" encoding="UTF-8"?>
<testsuite xmlns:xsi="http://www.w3.org/2001/XMLSchema-instance" xsi:noNamespaceSchemaLocation="https://maven.apache.org/surefire/maven-surefire-plugin/xsd/surefire-test-report.xsd" name="io.sithroo.aoc.accounts.AccountFeatureTest" time="1.864" tests="6" errors="0" skipped="0" failures="0">
  <properties>
[...]
</properties>
  <testcase name="When the cusotmer sunil_perera creates an account with initial amount 1000.98" classname="Scenario: The customer create an account with an initial amount" time="0"/>
  <testcase name="Then sunil_perera gets created account with one transaction amount 1000.98" classname="Scenario: The customer create an account with an initial amount" time="0"/>
  <testcase name="Scenario: The customer create an account with an initial amount" classname="Scenario: The customer create an account with an initial amount" time="0.001"/>
  <testcase name="When the cusotmer don_lal creates an account with no initial amount" classname="Scenario: The customer create an account with no initial amount" time="0"/>
  <testcase name="Then don_lal gets created account with no transactions" classname="Scenario: The customer create an account with no initial amount" time="0"/>
  <testcase name="Scenario: The customer create an account with no initial amount" classname="Scenario: The customer create an account with no initial amount" time="0"/>
</testsuite>